{"C:\\Users\\eric\\Code\\formative-platform\\web\\constants.js": {"path":"C:\\Users\\eric\\Code\\formative-platform\\web\\constants.js","all":false,"statementMap":{"0":{"start":{"line":1,"column":0},"end":{"line":1,"column":19}},"1":{"start":{"line":2,"column":0},"end":{"line":2,"column":76}},"2":{"start":{"line":3,"column":0},"end":{"line":3,"column":79}},"3":{"start":{"line":4,"column":0},"end":{"line":4,"column":0}},"4":{"start":{"line":5,"column":0},"end":{"line":5,"column":72}},"5":{"start":{"line":6,"column":0},"end":{"line":6,"column":58}},"6":{"start":{"line":7,"column":0},"end":{"line":7,"column":0}},"7":{"start":{"line":8,"column":0},"end":{"line":8,"column":27}},"8":{"start":{"line":9,"column":0},"end":{"line":9,"column":51}},"9":{"start":{"line":10,"column":0},"end":{"line":10,"column":44}},"10":{"start":{"line":11,"column":0},"end":{"line":11,"column":77}},"11":{"start":{"line":12,"column":0},"end":{"line":12,"column":59}},"12":{"start":{"line":13,"column":0},"end":{"line":13,"column":0}},"13":{"start":{"line":14,"column":0},"end":{"line":14,"column":28}},"14":{"start":{"line":15,"column":0},"end":{"line":15,"column":54}},"15":{"start":{"line":16,"column":0},"end":{"line":16,"column":60}},"16":{"start":{"line":17,"column":0},"end":{"line":17,"column":0}},"17":{"start":{"line":18,"column":0},"end":{"line":18,"column":26}},"18":{"start":{"line":19,"column":0},"end":{"line":19,"column":25}},"19":{"start":{"line":20,"column":0},"end":{"line":20,"column":23}},"20":{"start":{"line":21,"column":0},"end":{"line":21,"column":21}},"21":{"start":{"line":22,"column":0},"end":{"line":22,"column":21}},"22":{"start":{"line":23,"column":0},"end":{"line":23,"column":2}},"23":{"start":{"line":24,"column":0},"end":{"line":24,"column":0}},"24":{"start":{"line":25,"column":0},"end":{"line":25,"column":3}},"25":{"start":{"line":26,"column":0},"end":{"line":26,"column":43}},"26":{"start":{"line":27,"column":0},"end":{"line":27,"column":63}},"27":{"start":{"line":28,"column":0},"end":{"line":28,"column":43}},"28":{"start":{"line":29,"column":0},"end":{"line":29,"column":11}},"29":{"start":{"line":30,"column":0},"end":{"line":30,"column":70}},"30":{"start":{"line":31,"column":0},"end":{"line":31,"column":3}},"31":{"start":{"line":32,"column":0},"end":{"line":32,"column":40}},"32":{"start":{"line":33,"column":0},"end":{"line":33,"column":43}},"33":{"start":{"line":34,"column":0},"end":{"line":34,"column":1}}},"s":{"0":1,"1":1,"2":1,"3":1,"4":1,"5":1,"6":1,"7":1,"8":1,"9":1,"10":1,"11":1,"12":1,"13":1,"14":1,"15":1,"16":1,"17":1,"18":1,"19":1,"20":1,"21":1,"22":1,"23":1,"24":1,"25":1,"26":1,"27":1,"28":1,"29":1,"30":1,"31":1,"32":0,"33":0},"branchMap":{},"b":{},"fnMap":{"0":{"name":"get","decl":{"start":{"line":11,"column":54},"end":{"line":11,"column":55}},"loc":{"start":{"line":11,"column":54},"end":{"line":11,"column":55}},"line":11},"1":{"name":"buildPath","decl":{"start":{"line":32,"column":7},"end":{"line":34,"column":1}},"loc":{"start":{"line":32,"column":7},"end":{"line":34,"column":1}},"line":32}},"f":{"0":0,"1":0}}
,"C:\\Users\\eric\\Code\\formative-platform\\web\\database-utils.js": {"path":"C:\\Users\\eric\\Code\\formative-platform\\web\\database-utils.js","all":false,"statementMap":{"0":{"start":{"line":1,"column":0},"end":{"line":1,"column":29}},"6":{"start":{"line":7,"column":0},"end":{"line":7,"column":72}},"7":{"start":{"line":8,"column":0},"end":{"line":8,"column":70}},"8":{"start":{"line":9,"column":0},"end":{"line":9,"column":0}},"9":{"start":{"line":10,"column":0},"end":{"line":10,"column":63}},"10":{"start":{"line":11,"column":0},"end":{"line":11,"column":0}},"11":{"start":{"line":12,"column":0},"end":{"line":12,"column":3}},"12":{"start":{"line":13,"column":0},"end":{"line":13,"column":32}},"13":{"start":{"line":14,"column":0},"end":{"line":14,"column":135}},"14":{"start":{"line":15,"column":0},"end":{"line":15,"column":55}},"15":{"start":{"line":16,"column":0},"end":{"line":16,"column":3}},"16":{"start":{"line":17,"column":0},"end":{"line":17,"column":46}},"17":{"start":{"line":18,"column":0},"end":{"line":18,"column":18}},"18":{"start":{"line":19,"column":0},"end":{"line":19,"column":72}},"19":{"start":{"line":20,"column":0},"end":{"line":20,"column":3}},"20":{"start":{"line":21,"column":0},"end":{"line":21,"column":16}},"21":{"start":{"line":22,"column":0},"end":{"line":22,"column":1}},"22":{"start":{"line":23,"column":0},"end":{"line":23,"column":0}},"23":{"start":{"line":24,"column":0},"end":{"line":24,"column":3}},"24":{"start":{"line":25,"column":0},"end":{"line":25,"column":34}},"25":{"start":{"line":26,"column":0},"end":{"line":26,"column":41}},"26":{"start":{"line":27,"column":0},"end":{"line":27,"column":43}},"27":{"start":{"line":28,"column":0},"end":{"line":28,"column":66}},"28":{"start":{"line":29,"column":0},"end":{"line":29,"column":68}},"29":{"start":{"line":30,"column":0},"end":{"line":30,"column":3}},"30":{"start":{"line":31,"column":0},"end":{"line":31,"column":60}},"31":{"start":{"line":32,"column":0},"end":{"line":32,"column":12}},"32":{"start":{"line":33,"column":0},"end":{"line":33,"column":80}},"33":{"start":{"line":34,"column":0},"end":{"line":34,"column":3}},"34":{"start":{"line":35,"column":0},"end":{"line":35,"column":7}},"35":{"start":{"line":36,"column":0},"end":{"line":36,"column":71}},"36":{"start":{"line":37,"column":0},"end":{"line":37,"column":28}},"37":{"start":{"line":38,"column":0},"end":{"line":38,"column":19}},"38":{"start":{"line":39,"column":0},"end":{"line":39,"column":90}},"39":{"start":{"line":40,"column":0},"end":{"line":40,"column":66}},"40":{"start":{"line":41,"column":0},"end":{"line":41,"column":3}},"41":{"start":{"line":42,"column":0},"end":{"line":42,"column":1}},"42":{"start":{"line":43,"column":0},"end":{"line":43,"column":0}},"43":{"start":{"line":44,"column":0},"end":{"line":44,"column":3}},"44":{"start":{"line":45,"column":0},"end":{"line":45,"column":37}},"45":{"start":{"line":46,"column":0},"end":{"line":46,"column":41}},"46":{"start":{"line":47,"column":0},"end":{"line":47,"column":43}},"47":{"start":{"line":48,"column":0},"end":{"line":48,"column":53}},"48":{"start":{"line":49,"column":0},"end":{"line":49,"column":27}},"49":{"start":{"line":50,"column":0},"end":{"line":50,"column":68}},"50":{"start":{"line":51,"column":0},"end":{"line":51,"column":3}},"51":{"start":{"line":52,"column":0},"end":{"line":52,"column":72}},"52":{"start":{"line":53,"column":0},"end":{"line":53,"column":12}},"53":{"start":{"line":54,"column":0},"end":{"line":54,"column":80}},"54":{"start":{"line":55,"column":0},"end":{"line":55,"column":3}},"55":{"start":{"line":56,"column":0},"end":{"line":56,"column":7}},"56":{"start":{"line":57,"column":0},"end":{"line":57,"column":62}},"57":{"start":{"line":58,"column":0},"end":{"line":58,"column":31}},"58":{"start":{"line":59,"column":0},"end":{"line":59,"column":19}},"59":{"start":{"line":60,"column":0},"end":{"line":60,"column":93}},"60":{"start":{"line":61,"column":0},"end":{"line":61,"column":66}},"61":{"start":{"line":62,"column":0},"end":{"line":62,"column":3}},"62":{"start":{"line":63,"column":0},"end":{"line":63,"column":1}},"63":{"start":{"line":64,"column":0},"end":{"line":64,"column":0}},"64":{"start":{"line":65,"column":0},"end":{"line":65,"column":3}},"65":{"start":{"line":66,"column":0},"end":{"line":66,"column":43}},"66":{"start":{"line":67,"column":0},"end":{"line":67,"column":41}},"67":{"start":{"line":68,"column":0},"end":{"line":68,"column":101}},"68":{"start":{"line":69,"column":0},"end":{"line":69,"column":68}},"69":{"start":{"line":70,"column":0},"end":{"line":70,"column":3}},"70":{"start":{"line":71,"column":0},"end":{"line":71,"column":48}},"71":{"start":{"line":72,"column":0},"end":{"line":72,"column":12}},"72":{"start":{"line":73,"column":0},"end":{"line":73,"column":80}},"73":{"start":{"line":74,"column":0},"end":{"line":74,"column":3}},"74":{"start":{"line":75,"column":0},"end":{"line":75,"column":7}},"75":{"start":{"line":76,"column":0},"end":{"line":76,"column":59}},"76":{"start":{"line":77,"column":0},"end":{"line":77,"column":43}},"77":{"start":{"line":78,"column":0},"end":{"line":78,"column":19}},"78":{"start":{"line":79,"column":0},"end":{"line":79,"column":78}},"79":{"start":{"line":80,"column":0},"end":{"line":80,"column":71}},"80":{"start":{"line":81,"column":0},"end":{"line":81,"column":3}},"81":{"start":{"line":82,"column":0},"end":{"line":82,"column":26}},"82":{"start":{"line":83,"column":0},"end":{"line":83,"column":1}},"83":{"start":{"line":84,"column":0},"end":{"line":84,"column":0}},"84":{"start":{"line":85,"column":0},"end":{"line":85,"column":3}},"85":{"start":{"line":86,"column":0},"end":{"line":86,"column":32}},"86":{"start":{"line":87,"column":0},"end":{"line":87,"column":44}},"87":{"start":{"line":88,"column":0},"end":{"line":88,"column":74}},"88":{"start":{"line":89,"column":0},"end":{"line":89,"column":3}},"89":{"start":{"line":90,"column":0},"end":{"line":90,"column":45}},"90":{"start":{"line":91,"column":0},"end":{"line":91,"column":53}},"91":{"start":{"line":92,"column":0},"end":{"line":92,"column":43}},"92":{"start":{"line":93,"column":0},"end":{"line":93,"column":1}},"93":{"start":{"line":94,"column":0},"end":{"line":94,"column":0}},"94":{"start":{"line":95,"column":0},"end":{"line":95,"column":3}},"95":{"start":{"line":96,"column":0},"end":{"line":96,"column":33}},"96":{"start":{"line":97,"column":0},"end":{"line":97,"column":44}},"97":{"start":{"line":98,"column":0},"end":{"line":98,"column":79}},"98":{"start":{"line":99,"column":0},"end":{"line":99,"column":3}},"99":{"start":{"line":100,"column":0},"end":{"line":100,"column":50}},"100":{"start":{"line":101,"column":0},"end":{"line":101,"column":59}},"101":{"start":{"line":102,"column":0},"end":{"line":102,"column":54}},"102":{"start":{"line":103,"column":0},"end":{"line":103,"column":1}},"103":{"start":{"line":104,"column":0},"end":{"line":104,"column":0}},"104":{"start":{"line":105,"column":0},"end":{"line":105,"column":3}},"105":{"start":{"line":106,"column":0},"end":{"line":106,"column":57}},"106":{"start":{"line":107,"column":0},"end":{"line":107,"column":66}},"107":{"start":{"line":108,"column":0},"end":{"line":108,"column":70}},"108":{"start":{"line":109,"column":0},"end":{"line":109,"column":3}},"109":{"start":{"line":110,"column":0},"end":{"line":110,"column":69}},"110":{"start":{"line":111,"column":0},"end":{"line":111,"column":42}},"111":{"start":{"line":112,"column":0},"end":{"line":112,"column":51}},"112":{"start":{"line":113,"column":0},"end":{"line":113,"column":14}},"113":{"start":{"line":114,"column":0},"end":{"line":114,"column":1}},"114":{"start":{"line":115,"column":0},"end":{"line":115,"column":0}},"115":{"start":{"line":116,"column":0},"end":{"line":116,"column":3}},"116":{"start":{"line":117,"column":0},"end":{"line":117,"column":41}},"117":{"start":{"line":118,"column":0},"end":{"line":118,"column":86}},"118":{"start":{"line":119,"column":0},"end":{"line":119,"column":68}},"119":{"start":{"line":120,"column":0},"end":{"line":120,"column":3}},"120":{"start":{"line":121,"column":0},"end":{"line":121,"column":44}},"121":{"start":{"line":122,"column":0},"end":{"line":122,"column":11}},"122":{"start":{"line":123,"column":0},"end":{"line":123,"column":20}},"123":{"start":{"line":124,"column":0},"end":{"line":124,"column":18}},"124":{"start":{"line":125,"column":0},"end":{"line":125,"column":65}},"125":{"start":{"line":126,"column":0},"end":{"line":126,"column":58}},"126":{"start":{"line":127,"column":0},"end":{"line":127,"column":55}},"127":{"start":{"line":128,"column":0},"end":{"line":128,"column":27}},"128":{"start":{"line":129,"column":0},"end":{"line":129,"column":3}},"129":{"start":{"line":130,"column":0},"end":{"line":130,"column":14}},"130":{"start":{"line":131,"column":0},"end":{"line":131,"column":1}},"131":{"start":{"line":132,"column":0},"end":{"line":132,"column":0}},"132":{"start":{"line":133,"column":0},"end":{"line":133,"column":3}},"133":{"start":{"line":134,"column":0},"end":{"line":134,"column":36}},"134":{"start":{"line":135,"column":0},"end":{"line":135,"column":98}},"135":{"start":{"line":136,"column":0},"end":{"line":136,"column":3}},"136":{"start":{"line":137,"column":0},"end":{"line":137,"column":36}},"137":{"start":{"line":138,"column":0},"end":{"line":138,"column":45}},"138":{"start":{"line":139,"column":0},"end":{"line":139,"column":20}},"139":{"start":{"line":140,"column":0},"end":{"line":140,"column":1}},"140":{"start":{"line":141,"column":0},"end":{"line":141,"column":0}},"141":{"start":{"line":142,"column":0},"end":{"line":142,"column":3}},"142":{"start":{"line":143,"column":0},"end":{"line":143,"column":45}},"143":{"start":{"line":144,"column":0},"end":{"line":144,"column":103}},"144":{"start":{"line":145,"column":0},"end":{"line":145,"column":3}},"145":{"start":{"line":146,"column":0},"end":{"line":146,"column":39}},"146":{"start":{"line":147,"column":0},"end":{"line":147,"column":45}},"147":{"start":{"line":148,"column":0},"end":{"line":148,"column":43}},"148":{"start":{"line":149,"column":0},"end":{"line":149,"column":1}},"149":{"start":{"line":150,"column":0},"end":{"line":150,"column":0}},"150":{"start":{"line":151,"column":0},"end":{"line":151,"column":3}},"151":{"start":{"line":152,"column":0},"end":{"line":152,"column":44}},"152":{"start":{"line":153,"column":0},"end":{"line":153,"column":41}},"153":{"start":{"line":154,"column":0},"end":{"line":154,"column":43}},"154":{"start":{"line":155,"column":0},"end":{"line":155,"column":54}},"155":{"start":{"line":156,"column":0},"end":{"line":156,"column":27}},"156":{"start":{"line":157,"column":0},"end":{"line":157,"column":68}},"157":{"start":{"line":158,"column":0},"end":{"line":158,"column":3}},"158":{"start":{"line":159,"column":0},"end":{"line":159,"column":74}},"159":{"start":{"line":160,"column":0},"end":{"line":160,"column":61}},"160":{"start":{"line":161,"column":0},"end":{"line":161,"column":27}},"161":{"start":{"line":162,"column":0},"end":{"line":162,"column":57}},"162":{"start":{"line":163,"column":0},"end":{"line":163,"column":1}},"163":{"start":{"line":164,"column":0},"end":{"line":164,"column":0}},"164":{"start":{"line":165,"column":0},"end":{"line":165,"column":3}},"165":{"start":{"line":166,"column":0},"end":{"line":166,"column":63}},"166":{"start":{"line":167,"column":0},"end":{"line":167,"column":41}},"167":{"start":{"line":168,"column":0},"end":{"line":168,"column":43}},"168":{"start":{"line":169,"column":0},"end":{"line":169,"column":66}},"169":{"start":{"line":170,"column":0},"end":{"line":170,"column":27}},"170":{"start":{"line":171,"column":0},"end":{"line":171,"column":68}},"171":{"start":{"line":172,"column":0},"end":{"line":172,"column":3}},"172":{"start":{"line":173,"column":0},"end":{"line":173,"column":80}},"173":{"start":{"line":174,"column":0},"end":{"line":174,"column":61}},"174":{"start":{"line":175,"column":0},"end":{"line":175,"column":33}},"175":{"start":{"line":176,"column":0},"end":{"line":176,"column":57}},"176":{"start":{"line":177,"column":0},"end":{"line":177,"column":1}},"177":{"start":{"line":178,"column":0},"end":{"line":178,"column":0}},"178":{"start":{"line":179,"column":0},"end":{"line":179,"column":3}},"179":{"start":{"line":180,"column":0},"end":{"line":180,"column":47}},"180":{"start":{"line":181,"column":0},"end":{"line":181,"column":41}},"181":{"start":{"line":182,"column":0},"end":{"line":182,"column":43}},"182":{"start":{"line":183,"column":0},"end":{"line":183,"column":62}},"183":{"start":{"line":184,"column":0},"end":{"line":184,"column":60}},"184":{"start":{"line":185,"column":0},"end":{"line":185,"column":93}},"185":{"start":{"line":186,"column":0},"end":{"line":186,"column":68}},"186":{"start":{"line":187,"column":0},"end":{"line":187,"column":3}},"187":{"start":{"line":188,"column":0},"end":{"line":188,"column":83}},"188":{"start":{"line":189,"column":0},"end":{"line":189,"column":61}},"189":{"start":{"line":190,"column":0},"end":{"line":190,"column":61}},"190":{"start":{"line":191,"column":0},"end":{"line":191,"column":2}},"191":{"start":{"line":192,"column":0},"end":{"line":192,"column":47}},"192":{"start":{"line":193,"column":0},"end":{"line":193,"column":36}},"193":{"start":{"line":194,"column":0},"end":{"line":194,"column":57}},"194":{"start":{"line":195,"column":0},"end":{"line":195,"column":14}},"195":{"start":{"line":196,"column":0},"end":{"line":196,"column":1}},"196":{"start":{"line":197,"column":0},"end":{"line":197,"column":0}},"197":{"start":{"line":198,"column":0},"end":{"line":198,"column":3}},"198":{"start":{"line":199,"column":0},"end":{"line":199,"column":73}},"199":{"start":{"line":200,"column":0},"end":{"line":200,"column":41}},"200":{"start":{"line":201,"column":0},"end":{"line":201,"column":54}},"201":{"start":{"line":202,"column":0},"end":{"line":202,"column":78}},"202":{"start":{"line":203,"column":0},"end":{"line":203,"column":52}},"203":{"start":{"line":204,"column":0},"end":{"line":204,"column":51}},"204":{"start":{"line":205,"column":0},"end":{"line":205,"column":68}},"205":{"start":{"line":206,"column":0},"end":{"line":206,"column":3}},"206":{"start":{"line":207,"column":0},"end":{"line":207,"column":97}},"207":{"start":{"line":208,"column":0},"end":{"line":208,"column":31}},"208":{"start":{"line":209,"column":0},"end":{"line":209,"column":69}},"209":{"start":{"line":210,"column":0},"end":{"line":210,"column":65}},"210":{"start":{"line":211,"column":0},"end":{"line":211,"column":2}},"211":{"start":{"line":212,"column":0},"end":{"line":212,"column":27}},"212":{"start":{"line":213,"column":0},"end":{"line":213,"column":62}},"213":{"start":{"line":214,"column":0},"end":{"line":214,"column":2}},"214":{"start":{"line":215,"column":0},"end":{"line":215,"column":22}},"215":{"start":{"line":216,"column":0},"end":{"line":216,"column":29}},"216":{"start":{"line":217,"column":0},"end":{"line":217,"column":2}},"217":{"start":{"line":218,"column":0},"end":{"line":218,"column":21}},"218":{"start":{"line":219,"column":0},"end":{"line":219,"column":65}},"219":{"start":{"line":220,"column":0},"end":{"line":220,"column":61}},"220":{"start":{"line":221,"column":0},"end":{"line":221,"column":2}},"221":{"start":{"line":222,"column":0},"end":{"line":222,"column":20}},"222":{"start":{"line":223,"column":0},"end":{"line":223,"column":1}},"223":{"start":{"line":224,"column":0},"end":{"line":224,"column":0}},"224":{"start":{"line":225,"column":0},"end":{"line":225,"column":3}},"225":{"start":{"line":226,"column":0},"end":{"line":226,"column":30}},"226":{"start":{"line":227,"column":0},"end":{"line":227,"column":41}},"227":{"start":{"line":228,"column":0},"end":{"line":228,"column":66}},"228":{"start":{"line":229,"column":0},"end":{"line":229,"column":68}},"229":{"start":{"line":230,"column":0},"end":{"line":230,"column":3}},"230":{"start":{"line":231,"column":0},"end":{"line":231,"column":51}},"231":{"start":{"line":232,"column":0},"end":{"line":232,"column":12}},"232":{"start":{"line":233,"column":0},"end":{"line":233,"column":80}},"233":{"start":{"line":234,"column":0},"end":{"line":234,"column":3}},"234":{"start":{"line":235,"column":0},"end":{"line":235,"column":7}},"235":{"start":{"line":236,"column":0},"end":{"line":236,"column":69}},"236":{"start":{"line":237,"column":0},"end":{"line":237,"column":65}},"237":{"start":{"line":238,"column":0},"end":{"line":238,"column":19}},"238":{"start":{"line":239,"column":0},"end":{"line":239,"column":76}},"239":{"start":{"line":240,"column":0},"end":{"line":240,"column":69}},"240":{"start":{"line":241,"column":0},"end":{"line":241,"column":3}},"241":{"start":{"line":242,"column":0},"end":{"line":242,"column":1}},"242":{"start":{"line":243,"column":0},"end":{"line":243,"column":0}},"243":{"start":{"line":244,"column":0},"end":{"line":244,"column":3}},"244":{"start":{"line":245,"column":0},"end":{"line":245,"column":30}},"245":{"start":{"line":246,"column":0},"end":{"line":246,"column":41}},"246":{"start":{"line":247,"column":0},"end":{"line":247,"column":51}},"247":{"start":{"line":248,"column":0},"end":{"line":248,"column":27}},"248":{"start":{"line":249,"column":0},"end":{"line":249,"column":68}},"249":{"start":{"line":250,"column":0},"end":{"line":250,"column":3}},"250":{"start":{"line":251,"column":0},"end":{"line":251,"column":59}},"251":{"start":{"line":252,"column":0},"end":{"line":252,"column":12}},"252":{"start":{"line":253,"column":0},"end":{"line":253,"column":80}},"253":{"start":{"line":254,"column":0},"end":{"line":254,"column":3}},"254":{"start":{"line":255,"column":0},"end":{"line":255,"column":7}},"255":{"start":{"line":256,"column":0},"end":{"line":256,"column":72}},"256":{"start":{"line":257,"column":0},"end":{"line":257,"column":19}},"257":{"start":{"line":258,"column":0},"end":{"line":258,"column":76}},"258":{"start":{"line":259,"column":0},"end":{"line":259,"column":69}},"259":{"start":{"line":260,"column":0},"end":{"line":260,"column":3}},"260":{"start":{"line":261,"column":0},"end":{"line":261,"column":1}},"261":{"start":{"line":262,"column":0},"end":{"line":262,"column":0}},"262":{"start":{"line":263,"column":0},"end":{"line":263,"column":3}},"263":{"start":{"line":264,"column":0},"end":{"line":264,"column":83}},"264":{"start":{"line":265,"column":0},"end":{"line":265,"column":41}},"265":{"start":{"line":266,"column":0},"end":{"line":266,"column":73}},"266":{"start":{"line":267,"column":0},"end":{"line":267,"column":80}},"267":{"start":{"line":268,"column":0},"end":{"line":268,"column":27}},"268":{"start":{"line":269,"column":0},"end":{"line":269,"column":68}},"269":{"start":{"line":270,"column":0},"end":{"line":270,"column":3}},"270":{"start":{"line":271,"column":0},"end":{"line":271,"column":64}},"271":{"start":{"line":272,"column":0},"end":{"line":272,"column":36}},"272":{"start":{"line":273,"column":0},"end":{"line":273,"column":46}},"273":{"start":{"line":274,"column":0},"end":{"line":274,"column":56}},"274":{"start":{"line":275,"column":0},"end":{"line":275,"column":58}},"275":{"start":{"line":276,"column":0},"end":{"line":276,"column":36}},"276":{"start":{"line":277,"column":0},"end":{"line":277,"column":24}},"277":{"start":{"line":278,"column":0},"end":{"line":278,"column":35}},"278":{"start":{"line":279,"column":0},"end":{"line":279,"column":12}},"279":{"start":{"line":280,"column":0},"end":{"line":280,"column":27}},"280":{"start":{"line":281,"column":0},"end":{"line":281,"column":5}},"281":{"start":{"line":282,"column":0},"end":{"line":282,"column":3}},"282":{"start":{"line":283,"column":0},"end":{"line":283,"column":29}},"283":{"start":{"line":284,"column":0},"end":{"line":284,"column":57}},"284":{"start":{"line":285,"column":0},"end":{"line":285,"column":1}},"285":{"start":{"line":286,"column":0},"end":{"line":286,"column":0}},"286":{"start":{"line":287,"column":0},"end":{"line":287,"column":3}},"287":{"start":{"line":288,"column":0},"end":{"line":288,"column":70}},"288":{"start":{"line":289,"column":0},"end":{"line":289,"column":41}},"289":{"start":{"line":290,"column":0},"end":{"line":290,"column":50}},"290":{"start":{"line":291,"column":0},"end":{"line":291,"column":27}},"291":{"start":{"line":292,"column":0},"end":{"line":292,"column":68}},"292":{"start":{"line":293,"column":0},"end":{"line":293,"column":3}},"293":{"start":{"line":294,"column":0},"end":{"line":294,"column":51}},"294":{"start":{"line":295,"column":0},"end":{"line":295,"column":12}},"295":{"start":{"line":296,"column":0},"end":{"line":296,"column":80}},"296":{"start":{"line":297,"column":0},"end":{"line":297,"column":3}},"297":{"start":{"line":298,"column":0},"end":{"line":298,"column":7}},"298":{"start":{"line":299,"column":0},"end":{"line":299,"column":58}},"299":{"start":{"line":300,"column":0},"end":{"line":300,"column":67}},"300":{"start":{"line":301,"column":0},"end":{"line":301,"column":73}},"301":{"start":{"line":302,"column":0},"end":{"line":302,"column":4}},"302":{"start":{"line":303,"column":0},"end":{"line":303,"column":39}},"303":{"start":{"line":304,"column":0},"end":{"line":304,"column":83}},"304":{"start":{"line":305,"column":0},"end":{"line":305,"column":76}},"305":{"start":{"line":306,"column":0},"end":{"line":306,"column":4}},"306":{"start":{"line":307,"column":0},"end":{"line":307,"column":40}},"307":{"start":{"line":308,"column":0},"end":{"line":308,"column":31}},"308":{"start":{"line":309,"column":0},"end":{"line":309,"column":4}},"309":{"start":{"line":310,"column":0},"end":{"line":310,"column":49}},"310":{"start":{"line":311,"column":0},"end":{"line":311,"column":38}},"311":{"start":{"line":312,"column":0},"end":{"line":312,"column":27}},"312":{"start":{"line":313,"column":0},"end":{"line":313,"column":53}},"313":{"start":{"line":314,"column":0},"end":{"line":314,"column":29}},"314":{"start":{"line":315,"column":0},"end":{"line":315,"column":81}},"315":{"start":{"line":316,"column":0},"end":{"line":316,"column":10}},"316":{"start":{"line":317,"column":0},"end":{"line":317,"column":7}},"317":{"start":{"line":318,"column":0},"end":{"line":318,"column":5}},"318":{"start":{"line":319,"column":0},"end":{"line":319,"column":4}},"319":{"start":{"line":320,"column":0},"end":{"line":320,"column":53}},"320":{"start":{"line":321,"column":0},"end":{"line":321,"column":25}},"321":{"start":{"line":322,"column":0},"end":{"line":322,"column":62}},"322":{"start":{"line":323,"column":0},"end":{"line":323,"column":6}},"323":{"start":{"line":324,"column":0},"end":{"line":324,"column":4}},"324":{"start":{"line":325,"column":0},"end":{"line":325,"column":38}},"325":{"start":{"line":326,"column":0},"end":{"line":326,"column":39}},"326":{"start":{"line":327,"column":0},"end":{"line":327,"column":19}},"327":{"start":{"line":328,"column":0},"end":{"line":328,"column":80}},"328":{"start":{"line":329,"column":0},"end":{"line":329,"column":63}},"329":{"start":{"line":330,"column":0},"end":{"line":330,"column":3}},"330":{"start":{"line":331,"column":0},"end":{"line":331,"column":1}}},"s":{"0":1,"6":1,"7":1,"8":1,"9":1,"10":1,"11":1,"12":1,"13":1,"14":1,"15":1,"16":1,"17":34,"18":5,"19":5,"20":29,"21":29,"22":1,"23":1,"24":1,"25":1,"26":1,"27":1,"28":1,"29":1,"30":1,"31":8,"32":0,"33":0,"34":8,"35":8,"36":8,"37":8,"38":0,"39":0,"40":0,"41":8,"42":1,"43":1,"44":1,"45":1,"46":1,"47":1,"48":1,"49":1,"50":1,"51":1,"52":6,"53":0,"54":0,"55":6,"56":6,"57":6,"58":6,"59":0,"60":0,"61":0,"62":6,"63":1,"64":1,"65":1,"66":1,"67":1,"68":1,"69":1,"70":1,"71":2,"72":0,"73":0,"74":2,"75":2,"76":2,"77":2,"78":0,"79":0,"80":0,"81":0,"82":0,"83":1,"84":1,"85":1,"86":1,"87":1,"88":1,"89":1,"90":2,"91":2,"92":2,"93":1,"94":1,"95":1,"96":1,"97":1,"98":1,"99":1,"100":2,"101":2,"102":2,"103":1,"104":1,"105":1,"106":1,"107":1,"108":1,"109":1,"110":2,"111":2,"112":2,"113":2,"114":1,"115":1,"116":1,"117":1,"118":1,"119":1,"120":1,"121":6,"122":6,"123":6,"124":7,"125":7,"126":7,"127":7,"128":7,"129":6,"130":6,"131":1,"132":1,"133":1,"134":1,"135":1,"136":1,"137":2,"138":2,"139":2,"140":1,"141":1,"142":1,"143":1,"144":1,"145":1,"146":2,"147":2,"148":2,"149":1,"150":1,"151":1,"152":1,"153":1,"154":1,"155":1,"156":1,"157":1,"158":1,"159":1,"160":1,"161":1,"162":1,"163":1,"164":1,"165":1,"166":1,"167":1,"168":1,"169":1,"170":1,"171":1,"172":1,"173":1,"174":1,"175":1,"176":1,"177":1,"178":1,"179":1,"180":1,"181":1,"182":1,"183":1,"184":1,"185":1,"186":1,"187":1,"188":2,"189":2,"190":1,"191":1,"192":1,"193":1,"194":1,"195":1,"196":1,"197":1,"198":1,"199":1,"200":1,"201":1,"202":1,"203":1,"204":1,"205":1,"206":1,"207":1,"208":1,"209":1,"210":1,"211":1,"212":1,"213":1,"214":1,"215":1,"216":1,"217":1,"218":1,"219":1,"220":1,"221":1,"222":1,"223":1,"224":1,"225":1,"226":1,"227":1,"228":1,"229":1,"230":1,"231":2,"232":0,"233":0,"234":2,"235":2,"236":2,"237":2,"238":0,"239":0,"240":0,"241":2,"242":1,"243":1,"244":1,"245":1,"246":1,"247":1,"248":1,"249":1,"250":1,"251":1,"252":0,"253":0,"254":1,"255":1,"256":1,"257":0,"258":0,"259":0,"260":1,"261":1,"262":1,"263":1,"264":1,"265":1,"266":1,"267":1,"268":1,"269":1,"270":1,"271":1,"272":1,"273":2,"274":2,"275":2,"276":2,"277":2,"278":2,"279":0,"280":0,"281":2,"282":1,"283":1,"284":1,"285":1,"286":1,"287":1,"288":1,"289":1,"290":1,"291":1,"292":1,"293":1,"294":1,"295":0,"296":0,"297":1,"298":1,"299":1,"300":1,"301":1,"302":1,"303":1,"304":1,"305":1,"306":1,"307":1,"308":1,"309":1,"310":1,"311":3,"312":1,"313":1,"314":1,"315":1,"316":1,"317":3,"318":1,"319":1,"320":1,"321":1,"322":1,"323":1,"324":1,"325":1,"326":1,"327":0,"328":0,"329":0,"330":1},"branchMap":{"0":{"type":"branch","line":17,"loc":{"start":{"line":17,"column":7},"end":{"line":22,"column":1}},"locations":[{"start":{"line":17,"column":7},"end":{"line":22,"column":1}}]},"1":{"type":"branch","line":18,"loc":{"start":{"line":18,"column":17},"end":{"line":20,"column":3}},"locations":[{"start":{"line":18,"column":17},"end":{"line":20,"column":3}}]},"2":{"type":"branch","line":21,"loc":{"start":{"line":21,"column":-2},"end":{"line":22,"column":1}},"locations":[{"start":{"line":21,"column":-2},"end":{"line":22,"column":1}}]},"3":{"type":"branch","line":31,"loc":{"start":{"line":31,"column":7},"end":{"line":42,"column":1}},"locations":[{"start":{"line":31,"column":7},"end":{"line":42,"column":1}}]},"4":{"type":"branch","line":32,"loc":{"start":{"line":32,"column":11},"end":{"line":34,"column":3}},"locations":[{"start":{"line":32,"column":11},"end":{"line":34,"column":3}}]},"5":{"type":"branch","line":37,"loc":{"start":{"line":37,"column":22},"end":{"line":37,"column":27}},"locations":[{"start":{"line":37,"column":22},"end":{"line":37,"column":27}}]},"6":{"type":"branch","line":38,"loc":{"start":{"line":38,"column":4},"end":{"line":41,"column":3}},"locations":[{"start":{"line":38,"column":4},"end":{"line":41,"column":3}}]},"7":{"type":"branch","line":52,"loc":{"start":{"line":52,"column":7},"end":{"line":63,"column":1}},"locations":[{"start":{"line":52,"column":7},"end":{"line":63,"column":1}}]},"8":{"type":"branch","line":53,"loc":{"start":{"line":53,"column":11},"end":{"line":55,"column":3}},"locations":[{"start":{"line":53,"column":11},"end":{"line":55,"column":3}}]},"9":{"type":"branch","line":59,"loc":{"start":{"line":59,"column":4},"end":{"line":62,"column":3}},"locations":[{"start":{"line":59,"column":4},"end":{"line":62,"column":3}}]},"10":{"type":"branch","line":71,"loc":{"start":{"line":71,"column":7},"end":{"line":83,"column":1}},"locations":[{"start":{"line":71,"column":7},"end":{"line":83,"column":1}}]},"11":{"type":"branch","line":72,"loc":{"start":{"line":72,"column":11},"end":{"line":74,"column":3}},"locations":[{"start":{"line":72,"column":11},"end":{"line":74,"column":3}}]},"12":{"type":"branch","line":77,"loc":{"start":{"line":77,"column":25},"end":{"line":77,"column":37}},"locations":[{"start":{"line":77,"column":25},"end":{"line":77,"column":37}}]},"13":{"type":"branch","line":77,"loc":{"start":{"line":77,"column":38},"end":{"line":77,"column":42}},"locations":[{"start":{"line":77,"column":38},"end":{"line":77,"column":42}}]},"14":{"type":"branch","line":78,"loc":{"start":{"line":78,"column":4},"end":{"line":83,"column":1}},"locations":[{"start":{"line":78,"column":4},"end":{"line":83,"column":1}}]},"15":{"type":"branch","line":90,"loc":{"start":{"line":90,"column":7},"end":{"line":93,"column":1}},"locations":[{"start":{"line":90,"column":7},"end":{"line":93,"column":1}}]},"16":{"type":"branch","line":92,"loc":{"start":{"line":92,"column":23},"end":{"line":92,"column":35}},"locations":[{"start":{"line":92,"column":23},"end":{"line":92,"column":35}}]},"17":{"type":"branch","line":92,"loc":{"start":{"line":92,"column":36},"end":{"line":92,"column":42}},"locations":[{"start":{"line":92,"column":36},"end":{"line":92,"column":42}}]},"18":{"type":"branch","line":100,"loc":{"start":{"line":100,"column":7},"end":{"line":103,"column":1}},"locations":[{"start":{"line":100,"column":7},"end":{"line":103,"column":1}}]},"19":{"type":"branch","line":102,"loc":{"start":{"line":102,"column":23},"end":{"line":102,"column":35}},"locations":[{"start":{"line":102,"column":23},"end":{"line":102,"column":35}}]},"20":{"type":"branch","line":102,"loc":{"start":{"line":102,"column":36},"end":{"line":102,"column":53}},"locations":[{"start":{"line":102,"column":36},"end":{"line":102,"column":53}}]},"21":{"type":"branch","line":110,"loc":{"start":{"line":110,"column":7},"end":{"line":114,"column":1}},"locations":[{"start":{"line":110,"column":7},"end":{"line":114,"column":1}}]},"22":{"type":"branch","line":121,"loc":{"start":{"line":121,"column":7},"end":{"line":131,"column":1}},"locations":[{"start":{"line":121,"column":7},"end":{"line":131,"column":1}}]},"23":{"type":"branch","line":124,"loc":{"start":{"line":124,"column":17},"end":{"line":129,"column":3}},"locations":[{"start":{"line":124,"column":17},"end":{"line":129,"column":3}}]},"24":{"type":"branch","line":126,"loc":{"start":{"line":126,"column":11},"end":{"line":126,"column":47}},"locations":[{"start":{"line":126,"column":11},"end":{"line":126,"column":47}}]},"25":{"type":"branch","line":137,"loc":{"start":{"line":137,"column":7},"end":{"line":140,"column":1}},"locations":[{"start":{"line":137,"column":7},"end":{"line":140,"column":1}}]},"26":{"type":"branch","line":146,"loc":{"start":{"line":146,"column":7},"end":{"line":149,"column":1}},"locations":[{"start":{"line":146,"column":7},"end":{"line":149,"column":1}}]},"27":{"type":"branch","line":148,"loc":{"start":{"line":148,"column":23},"end":{"line":148,"column":35}},"locations":[{"start":{"line":148,"column":23},"end":{"line":148,"column":35}}]},"28":{"type":"branch","line":148,"loc":{"start":{"line":148,"column":36},"end":{"line":148,"column":42}},"locations":[{"start":{"line":148,"column":36},"end":{"line":148,"column":42}}]},"29":{"type":"branch","line":159,"loc":{"start":{"line":159,"column":7},"end":{"line":163,"column":1}},"locations":[{"start":{"line":159,"column":7},"end":{"line":163,"column":1}}]},"30":{"type":"branch","line":173,"loc":{"start":{"line":173,"column":7},"end":{"line":177,"column":1}},"locations":[{"start":{"line":173,"column":7},"end":{"line":177,"column":1}}]},"31":{"type":"branch","line":188,"loc":{"start":{"line":188,"column":7},"end":{"line":196,"column":1}},"locations":[{"start":{"line":188,"column":7},"end":{"line":196,"column":1}}]},"32":{"type":"branch","line":190,"loc":{"start":{"line":190,"column":48},"end":{"line":196,"column":1}},"locations":[{"start":{"line":190,"column":48},"end":{"line":196,"column":1}}]},"33":{"type":"branch","line":207,"loc":{"start":{"line":207,"column":7},"end":{"line":223,"column":1}},"locations":[{"start":{"line":207,"column":7},"end":{"line":223,"column":1}}]},"34":{"type":"branch","line":231,"loc":{"start":{"line":231,"column":7},"end":{"line":242,"column":1}},"locations":[{"start":{"line":231,"column":7},"end":{"line":242,"column":1}}]},"35":{"type":"branch","line":232,"loc":{"start":{"line":232,"column":11},"end":{"line":234,"column":3}},"locations":[{"start":{"line":232,"column":11},"end":{"line":234,"column":3}}]},"36":{"type":"branch","line":237,"loc":{"start":{"line":237,"column":25},"end":{"line":237,"column":37}},"locations":[{"start":{"line":237,"column":25},"end":{"line":237,"column":37}}]},"37":{"type":"branch","line":237,"loc":{"start":{"line":237,"column":38},"end":{"line":237,"column":41}},"locations":[{"start":{"line":237,"column":38},"end":{"line":237,"column":41}}]},"38":{"type":"branch","line":238,"loc":{"start":{"line":238,"column":4},"end":{"line":241,"column":3}},"locations":[{"start":{"line":238,"column":4},"end":{"line":241,"column":3}}]},"39":{"type":"branch","line":251,"loc":{"start":{"line":251,"column":7},"end":{"line":261,"column":1}},"locations":[{"start":{"line":251,"column":7},"end":{"line":261,"column":1}}]},"40":{"type":"branch","line":252,"loc":{"start":{"line":252,"column":11},"end":{"line":254,"column":3}},"locations":[{"start":{"line":252,"column":11},"end":{"line":254,"column":3}}]},"41":{"type":"branch","line":257,"loc":{"start":{"line":257,"column":4},"end":{"line":260,"column":3}},"locations":[{"start":{"line":257,"column":4},"end":{"line":260,"column":3}}]},"42":{"type":"branch","line":271,"loc":{"start":{"line":271,"column":7},"end":{"line":285,"column":1}},"locations":[{"start":{"line":271,"column":7},"end":{"line":285,"column":1}}]},"43":{"type":"branch","line":273,"loc":{"start":{"line":273,"column":45},"end":{"line":282,"column":3}},"locations":[{"start":{"line":273,"column":45},"end":{"line":282,"column":3}}]},"44":{"type":"branch","line":279,"loc":{"start":{"line":279,"column":5},"end":{"line":281,"column":5}},"locations":[{"start":{"line":279,"column":5},"end":{"line":281,"column":5}}]},"45":{"type":"branch","line":294,"loc":{"start":{"line":294,"column":7},"end":{"line":331,"column":1}},"locations":[{"start":{"line":294,"column":7},"end":{"line":331,"column":1}}]},"46":{"type":"branch","line":295,"loc":{"start":{"line":295,"column":11},"end":{"line":297,"column":3}},"locations":[{"start":{"line":295,"column":11},"end":{"line":297,"column":3}}]},"47":{"type":"branch","line":301,"loc":{"start":{"line":301,"column":68},"end":{"line":301,"column":72}},"locations":[{"start":{"line":301,"column":68},"end":{"line":301,"column":72}}]},"48":{"type":"branch","line":305,"loc":{"start":{"line":305,"column":72},"end":{"line":305,"column":75}},"locations":[{"start":{"line":305,"column":72},"end":{"line":305,"column":75}}]},"49":{"type":"branch","line":311,"loc":{"start":{"line":311,"column":37},"end":{"line":318,"column":5}},"locations":[{"start":{"line":311,"column":37},"end":{"line":318,"column":5}}]},"50":{"type":"branch","line":312,"loc":{"start":{"line":312,"column":26},"end":{"line":317,"column":7}},"locations":[{"start":{"line":312,"column":26},"end":{"line":317,"column":7}}]},"51":{"type":"branch","line":327,"loc":{"start":{"line":327,"column":4},"end":{"line":330,"column":3}},"locations":[{"start":{"line":327,"column":4},"end":{"line":330,"column":3}}]},"52":{"type":"branch","line":304,"loc":{"start":{"line":304,"column":66},"end":{"line":304,"column":81}},"locations":[{"start":{"line":304,"column":66},"end":{"line":304,"column":81}}]}},"b":{"0":[34],"1":[5],"2":[29],"3":[8],"4":[0],"5":[1],"6":[0],"7":[6],"8":[0],"9":[0],"10":[2],"11":[0],"12":[1],"13":[1],"14":[0],"15":[2],"16":[1],"17":[1],"18":[2],"19":[1],"20":[1],"21":[2],"22":[6],"23":[7],"24":[112],"25":[2],"26":[2],"27":[1],"28":[1],"29":[1],"30":[1],"31":[2],"32":[1],"33":[1],"34":[2],"35":[0],"36":[1],"37":[1],"38":[0],"39":[1],"40":[0],"41":[0],"42":[1],"43":[2],"44":[0],"45":[1],"46":[0],"47":[0],"48":[0],"49":[3],"50":[1],"51":[0],"52":[2]},"fnMap":{"0":{"name":"initializeDatabase","decl":{"start":{"line":17,"column":7},"end":{"line":22,"column":1}},"loc":{"start":{"line":17,"column":7},"end":{"line":22,"column":1}},"line":17},"1":{"name":"getScheduleForDay","decl":{"start":{"line":31,"column":7},"end":{"line":42,"column":1}},"loc":{"start":{"line":31,"column":7},"end":{"line":42,"column":1}},"line":31},"2":{"name":"updateScheduleForDay","decl":{"start":{"line":52,"column":7},"end":{"line":63,"column":1}},"loc":{"start":{"line":52,"column":7},"end":{"line":63,"column":1}},"line":52},"3":{"name":"getFullSchedule","decl":{"start":{"line":71,"column":7},"end":{"line":83,"column":1}},"loc":{"start":{"line":71,"column":7},"end":{"line":83,"column":1}},"line":71},"4":{"name":"getLessonFromDB","decl":{"start":{"line":90,"column":7},"end":{"line":93,"column":1}},"loc":{"start":{"line":90,"column":7},"end":{"line":93,"column":1}},"line":90},"5":{"name":"getLessonTitleFromDB","decl":{"start":{"line":100,"column":7},"end":{"line":103,"column":1}},"loc":{"start":{"line":100,"column":7},"end":{"line":103,"column":1}},"line":100},"6":{"name":"createNewLesson","decl":{"start":{"line":110,"column":7},"end":{"line":114,"column":1}},"loc":{"start":{"line":110,"column":7},"end":{"line":114,"column":1}},"line":110},"7":{"name":"generateUniqueHash","decl":{"start":{"line":121,"column":7},"end":{"line":131,"column":1}},"loc":{"start":{"line":121,"column":7},"end":{"line":131,"column":1}},"line":121},"8":{"name":"getClasses","decl":{"start":{"line":137,"column":7},"end":{"line":140,"column":1}},"loc":{"start":{"line":137,"column":7},"end":{"line":140,"column":1}},"line":137},"9":{"name":"getAllContent","decl":{"start":{"line":146,"column":7},"end":{"line":149,"column":1}},"loc":{"start":{"line":146,"column":7},"end":{"line":149,"column":1}},"line":146},"10":{"name":"addLessonToSchedule","decl":{"start":{"line":159,"column":7},"end":{"line":163,"column":1}},"loc":{"start":{"line":159,"column":7},"end":{"line":163,"column":1}},"line":159},"11":{"name":"removeLessonFromSchedule","decl":{"start":{"line":173,"column":7},"end":{"line":177,"column":1}},"loc":{"start":{"line":173,"column":7},"end":{"line":177,"column":1}},"line":173},"12":{"name":"moveLessonInSchedule","decl":{"start":{"line":188,"column":7},"end":{"line":196,"column":1}},"loc":{"start":{"line":188,"column":7},"end":{"line":196,"column":1}},"line":188},"13":{"name":"moveLessonBetweenDays","decl":{"start":{"line":207,"column":7},"end":{"line":223,"column":1}},"loc":{"start":{"line":207,"column":7},"end":{"line":223,"column":1}},"line":207},"14":{"name":"getClassDateOffset","decl":{"start":{"line":231,"column":7},"end":{"line":242,"column":1}},"loc":{"start":{"line":231,"column":7},"end":{"line":242,"column":1}},"line":231},"15":{"name":"setClassDateOffset","decl":{"start":{"line":251,"column":7},"end":{"line":261,"column":1}},"loc":{"start":{"line":251,"column":7},"end":{"line":261,"column":1}},"line":251},"16":{"name":"insertDayAt","decl":{"start":{"line":271,"column":7},"end":{"line":285,"column":1}},"loc":{"start":{"line":271,"column":7},"end":{"line":285,"column":1}},"line":271},"17":{"name":"deleteDayAt","decl":{"start":{"line":294,"column":7},"end":{"line":331,"column":1}},"loc":{"start":{"line":294,"column":7},"end":{"line":331,"column":1}},"line":294}},"f":{"0":34,"1":8,"2":6,"3":2,"4":2,"5":2,"6":2,"7":6,"8":2,"9":2,"10":1,"11":1,"12":2,"13":1,"14":2,"15":1,"16":1,"17":1}}
,"C:\\Users\\eric\\Code\\formative-platform\\web\\date-utils.js": {"path":"C:\\Users\\eric\\Code\\formative-platform\\web\\date-utils.js","all":false,"statementMap":{"0":{"start":{"line":1,"column":0},"end":{"line":1,"column":24}},"1":{"start":{"line":2,"column":0},"end":{"line":2,"column":90}},"2":{"start":{"line":3,"column":0},"end":{"line":3,"column":0}},"3":{"start":{"line":4,"column":0},"end":{"line":4,"column":3}},"4":{"start":{"line":5,"column":0},"end":{"line":5,"column":48}},"5":{"start":{"line":6,"column":0},"end":{"line":6,"column":17}},"6":{"start":{"line":7,"column":0},"end":{"line":7,"column":3}},"7":{"start":{"line":8,"column":0},"end":{"line":8,"column":53}},"8":{"start":{"line":9,"column":0},"end":{"line":9,"column":0}},"9":{"start":{"line":10,"column":0},"end":{"line":10,"column":29}},"10":{"start":{"line":11,"column":0},"end":{"line":11,"column":0}},"11":{"start":{"line":12,"column":0},"end":{"line":12,"column":52}},"12":{"start":{"line":13,"column":0},"end":{"line":13,"column":34}},"13":{"start":{"line":14,"column":0},"end":{"line":14,"column":0}},"14":{"start":{"line":15,"column":0},"end":{"line":15,"column":3}},"15":{"start":{"line":16,"column":0},"end":{"line":16,"column":54}},"16":{"start":{"line":17,"column":0},"end":{"line":17,"column":135}},"17":{"start":{"line":18,"column":0},"end":{"line":18,"column":3}},"18":{"start":{"line":19,"column":0},"end":{"line":19,"column":47}},"19":{"start":{"line":20,"column":0},"end":{"line":20,"column":16}},"20":{"start":{"line":21,"column":0},"end":{"line":21,"column":1}},"21":{"start":{"line":22,"column":0},"end":{"line":22,"column":0}},"22":{"start":{"line":23,"column":0},"end":{"line":23,"column":3}},"23":{"start":{"line":24,"column":0},"end":{"line":24,"column":45}},"24":{"start":{"line":25,"column":0},"end":{"line":25,"column":41}},"25":{"start":{"line":26,"column":0},"end":{"line":26,"column":66}},"26":{"start":{"line":27,"column":0},"end":{"line":27,"column":3}},"27":{"start":{"line":28,"column":0},"end":{"line":28,"column":51}},"28":{"start":{"line":29,"column":0},"end":{"line":29,"column":22}},"29":{"start":{"line":30,"column":0},"end":{"line":30,"column":37}},"30":{"start":{"line":31,"column":0},"end":{"line":31,"column":40}},"31":{"start":{"line":32,"column":0},"end":{"line":32,"column":3}},"32":{"start":{"line":33,"column":0},"end":{"line":33,"column":2}},"33":{"start":{"line":34,"column":0},"end":{"line":34,"column":12}},"34":{"start":{"line":35,"column":0},"end":{"line":35,"column":59}},"35":{"start":{"line":36,"column":0},"end":{"line":36,"column":13}},"36":{"start":{"line":37,"column":0},"end":{"line":37,"column":3}},"37":{"start":{"line":38,"column":0},"end":{"line":38,"column":7}},"38":{"start":{"line":39,"column":0},"end":{"line":39,"column":69}},"39":{"start":{"line":40,"column":0},"end":{"line":40,"column":50}},"40":{"start":{"line":41,"column":0},"end":{"line":41,"column":4}},"41":{"start":{"line":42,"column":0},"end":{"line":42,"column":23}},"42":{"start":{"line":43,"column":0},"end":{"line":43,"column":41}},"43":{"start":{"line":44,"column":0},"end":{"line":44,"column":18}},"44":{"start":{"line":45,"column":0},"end":{"line":45,"column":19}},"45":{"start":{"line":46,"column":0},"end":{"line":46,"column":76}},"46":{"start":{"line":47,"column":0},"end":{"line":47,"column":13}},"47":{"start":{"line":48,"column":0},"end":{"line":48,"column":3}},"48":{"start":{"line":49,"column":0},"end":{"line":49,"column":1}},"49":{"start":{"line":50,"column":0},"end":{"line":50,"column":0}},"50":{"start":{"line":51,"column":0},"end":{"line":51,"column":3}},"51":{"start":{"line":52,"column":0},"end":{"line":52,"column":66}},"52":{"start":{"line":53,"column":0},"end":{"line":53,"column":86}},"53":{"start":{"line":54,"column":0},"end":{"line":54,"column":3}},"54":{"start":{"line":55,"column":0},"end":{"line":55,"column":54}},"55":{"start":{"line":56,"column":0},"end":{"line":56,"column":16}},"56":{"start":{"line":57,"column":0},"end":{"line":57,"column":36}},"57":{"start":{"line":58,"column":0},"end":{"line":58,"column":10}},"58":{"start":{"line":59,"column":0},"end":{"line":59,"column":28}},"59":{"start":{"line":60,"column":0},"end":{"line":60,"column":3}},"60":{"start":{"line":61,"column":0},"end":{"line":61,"column":1}},"61":{"start":{"line":62,"column":0},"end":{"line":62,"column":0}},"62":{"start":{"line":63,"column":0},"end":{"line":63,"column":71}},"63":{"start":{"line":64,"column":0},"end":{"line":64,"column":38}},"64":{"start":{"line":65,"column":0},"end":{"line":65,"column":63}},"65":{"start":{"line":66,"column":0},"end":{"line":66,"column":62}},"66":{"start":{"line":67,"column":0},"end":{"line":67,"column":1}},"67":{"start":{"line":68,"column":0},"end":{"line":68,"column":0}},"68":{"start":{"line":69,"column":0},"end":{"line":69,"column":59}},"69":{"start":{"line":70,"column":0},"end":{"line":70,"column":56}},"70":{"start":{"line":71,"column":0},"end":{"line":71,"column":35}},"71":{"start":{"line":72,"column":0},"end":{"line":72,"column":20}},"72":{"start":{"line":73,"column":0},"end":{"line":73,"column":2}},"73":{"start":{"line":74,"column":0},"end":{"line":74,"column":41}},"74":{"start":{"line":75,"column":0},"end":{"line":75,"column":37}},"75":{"start":{"line":76,"column":0},"end":{"line":76,"column":64}},"76":{"start":{"line":77,"column":0},"end":{"line":77,"column":4}},"77":{"start":{"line":78,"column":0},"end":{"line":78,"column":51}},"78":{"start":{"line":79,"column":0},"end":{"line":79,"column":43}},"79":{"start":{"line":80,"column":0},"end":{"line":80,"column":18}},"80":{"start":{"line":81,"column":0},"end":{"line":81,"column":5}},"81":{"start":{"line":82,"column":0},"end":{"line":82,"column":3}},"82":{"start":{"line":83,"column":0},"end":{"line":83,"column":2}},"83":{"start":{"line":84,"column":0},"end":{"line":84,"column":14}},"84":{"start":{"line":85,"column":0},"end":{"line":85,"column":1}},"85":{"start":{"line":86,"column":0},"end":{"line":86,"column":0}},"86":{"start":{"line":87,"column":0},"end":{"line":87,"column":63}},"87":{"start":{"line":88,"column":0},"end":{"line":88,"column":53}},"88":{"start":{"line":89,"column":0},"end":{"line":89,"column":43}},"89":{"start":{"line":90,"column":0},"end":{"line":90,"column":32}},"90":{"start":{"line":91,"column":0},"end":{"line":91,"column":23}},"91":{"start":{"line":92,"column":0},"end":{"line":92,"column":2}},"92":{"start":{"line":93,"column":0},"end":{"line":93,"column":34}},"93":{"start":{"line":94,"column":0},"end":{"line":94,"column":26}},"94":{"start":{"line":95,"column":0},"end":{"line":95,"column":39}},"95":{"start":{"line":96,"column":0},"end":{"line":96,"column":51}},"96":{"start":{"line":97,"column":0},"end":{"line":97,"column":43}},"97":{"start":{"line":98,"column":0},"end":{"line":98,"column":21}},"98":{"start":{"line":99,"column":0},"end":{"line":99,"column":5}},"99":{"start":{"line":100,"column":0},"end":{"line":100,"column":43}},"100":{"start":{"line":101,"column":0},"end":{"line":101,"column":3}},"101":{"start":{"line":102,"column":0},"end":{"line":102,"column":2}},"102":{"start":{"line":103,"column":0},"end":{"line":103,"column":68}},"103":{"start":{"line":104,"column":0},"end":{"line":104,"column":39}},"104":{"start":{"line":105,"column":0},"end":{"line":105,"column":1}},"105":{"start":{"line":106,"column":0},"end":{"line":106,"column":0}},"106":{"start":{"line":107,"column":0},"end":{"line":107,"column":3}},"107":{"start":{"line":108,"column":0},"end":{"line":108,"column":73}},"108":{"start":{"line":109,"column":0},"end":{"line":109,"column":41}},"109":{"start":{"line":110,"column":0},"end":{"line":110,"column":104}},"110":{"start":{"line":111,"column":0},"end":{"line":111,"column":53}},"111":{"start":{"line":112,"column":0},"end":{"line":112,"column":3}},"112":{"start":{"line":113,"column":0},"end":{"line":113,"column":92}},"113":{"start":{"line":114,"column":0},"end":{"line":114,"column":27}},"114":{"start":{"line":115,"column":0},"end":{"line":115,"column":52}},"115":{"start":{"line":116,"column":0},"end":{"line":116,"column":2}},"116":{"start":{"line":117,"column":0},"end":{"line":117,"column":64}},"117":{"start":{"line":118,"column":0},"end":{"line":118,"column":73}},"118":{"start":{"line":119,"column":0},"end":{"line":119,"column":2}},"119":{"start":{"line":120,"column":0},"end":{"line":120,"column":39}},"120":{"start":{"line":121,"column":0},"end":{"line":121,"column":55}},"121":{"start":{"line":122,"column":0},"end":{"line":122,"column":2}},"122":{"start":{"line":123,"column":0},"end":{"line":123,"column":97}},"123":{"start":{"line":124,"column":0},"end":{"line":124,"column":58}},"124":{"start":{"line":125,"column":0},"end":{"line":125,"column":2}},"125":{"start":{"line":126,"column":0},"end":{"line":126,"column":27}},"126":{"start":{"line":127,"column":0},"end":{"line":127,"column":1}},"127":{"start":{"line":128,"column":0},"end":{"line":128,"column":0}},"128":{"start":{"line":129,"column":0},"end":{"line":129,"column":3}},"129":{"start":{"line":130,"column":0},"end":{"line":130,"column":87}},"130":{"start":{"line":131,"column":0},"end":{"line":131,"column":43}},"131":{"start":{"line":132,"column":0},"end":{"line":132,"column":41}},"132":{"start":{"line":133,"column":0},"end":{"line":133,"column":104}},"133":{"start":{"line":134,"column":0},"end":{"line":134,"column":100}},"134":{"start":{"line":135,"column":0},"end":{"line":135,"column":3}},"135":{"start":{"line":136,"column":0},"end":{"line":136,"column":104}},"136":{"start":{"line":137,"column":0},"end":{"line":137,"column":55}},"137":{"start":{"line":138,"column":0},"end":{"line":138,"column":2}},"138":{"start":{"line":139,"column":0},"end":{"line":139,"column":48}},"139":{"start":{"line":140,"column":0},"end":{"line":140,"column":61}},"140":{"start":{"line":141,"column":0},"end":{"line":141,"column":66}},"141":{"start":{"line":142,"column":0},"end":{"line":142,"column":57}},"142":{"start":{"line":143,"column":0},"end":{"line":143,"column":2}},"143":{"start":{"line":144,"column":0},"end":{"line":144,"column":54}},"144":{"start":{"line":145,"column":0},"end":{"line":145,"column":19}},"145":{"start":{"line":146,"column":0},"end":{"line":146,"column":5}},"146":{"start":{"line":147,"column":0},"end":{"line":147,"column":53}},"147":{"start":{"line":148,"column":0},"end":{"line":148,"column":1}},"148":{"start":{"line":149,"column":0},"end":{"line":149,"column":0}},"149":{"start":{"line":150,"column":0},"end":{"line":150,"column":3}},"150":{"start":{"line":151,"column":0},"end":{"line":151,"column":76}},"151":{"start":{"line":152,"column":0},"end":{"line":152,"column":43}},"152":{"start":{"line":153,"column":0},"end":{"line":153,"column":41}},"153":{"start":{"line":154,"column":0},"end":{"line":154,"column":104}},"154":{"start":{"line":155,"column":0},"end":{"line":155,"column":67}},"155":{"start":{"line":156,"column":0},"end":{"line":156,"column":3}},"156":{"start":{"line":157,"column":0},"end":{"line":157,"column":110}},"157":{"start":{"line":158,"column":0},"end":{"line":158,"column":55}},"158":{"start":{"line":159,"column":0},"end":{"line":159,"column":2}},"159":{"start":{"line":160,"column":0},"end":{"line":160,"column":48}},"160":{"start":{"line":161,"column":0},"end":{"line":161,"column":61}},"161":{"start":{"line":162,"column":0},"end":{"line":162,"column":66}},"162":{"start":{"line":163,"column":0},"end":{"line":163,"column":57}},"163":{"start":{"line":164,"column":0},"end":{"line":164,"column":2}},"164":{"start":{"line":165,"column":0},"end":{"line":165,"column":14}},"165":{"start":{"line":166,"column":0},"end":{"line":166,"column":1}},"166":{"start":{"line":167,"column":0},"end":{"line":167,"column":0}},"167":{"start":{"line":168,"column":0},"end":{"line":168,"column":3}},"168":{"start":{"line":169,"column":0},"end":{"line":169,"column":70}},"169":{"start":{"line":170,"column":0},"end":{"line":170,"column":52}},"170":{"start":{"line":171,"column":0},"end":{"line":171,"column":41}},"171":{"start":{"line":172,"column":0},"end":{"line":172,"column":104}},"172":{"start":{"line":173,"column":0},"end":{"line":173,"column":69}},"173":{"start":{"line":174,"column":0},"end":{"line":174,"column":3}},"174":{"start":{"line":175,"column":0},"end":{"line":175,"column":101}},"175":{"start":{"line":176,"column":0},"end":{"line":176,"column":72}},"176":{"start":{"line":177,"column":0},"end":{"line":177,"column":44}},"177":{"start":{"line":178,"column":0},"end":{"line":178,"column":1}}},"s":{"0":1,"1":1,"2":1,"3":1,"4":1,"5":1,"6":1,"7":1,"8":1,"9":1,"10":1,"11":1,"12":1,"13":1,"14":1,"15":1,"16":1,"17":1,"18":1,"19":14,"20":14,"21":1,"22":1,"23":1,"24":1,"25":1,"26":1,"27":1,"28":20,"29":20,"30":4,"31":4,"32":16,"33":20,"34":0,"35":0,"36":0,"37":16,"38":16,"39":20,"40":20,"41":20,"42":20,"43":20,"44":20,"45":0,"46":0,"47":0,"48":20,"49":1,"50":1,"51":1,"52":1,"53":1,"54":1,"55":18,"56":1,"57":18,"58":17,"59":17,"60":18,"61":1,"62":1,"63":18,"64":18,"65":18,"66":18,"67":1,"68":1,"69":8,"70":8,"71":8,"72":8,"73":8,"74":45,"75":45,"76":45,"77":45,"78":45,"79":35,"80":35,"81":45,"82":8,"83":8,"84":8,"85":1,"86":1,"87":5,"88":5,"89":5,"90":5,"91":5,"92":5,"93":5,"94":2772,"95":2772,"96":2772,"97":1980,"98":1980,"99":2772,"100":2772,"101":5,"102":5,"103":5,"104":5,"105":1,"106":1,"107":1,"108":1,"109":1,"110":1,"111":1,"112":1,"113":5,"114":5,"115":5,"116":5,"117":5,"118":5,"119":5,"120":5,"121":5,"122":5,"123":5,"124":5,"125":5,"126":5,"127":1,"128":1,"129":1,"130":1,"131":1,"132":1,"133":1,"134":1,"135":1,"136":4,"137":4,"138":4,"139":4,"140":4,"141":4,"142":4,"143":4,"144":4,"145":4,"146":4,"147":4,"148":1,"149":1,"150":1,"151":1,"152":1,"153":1,"154":1,"155":1,"156":1,"157":4,"158":4,"159":4,"160":4,"161":4,"162":4,"163":4,"164":4,"165":4,"166":1,"167":1,"168":1,"169":1,"170":1,"171":1,"172":1,"173":1,"174":1,"175":2,"176":2,"177":2},"branchMap":{"0":{"type":"branch","line":19,"loc":{"start":{"line":19,"column":7},"end":{"line":21,"column":1}},"locations":[{"start":{"line":19,"column":7},"end":{"line":21,"column":1}}]},"1":{"type":"branch","line":28,"loc":{"start":{"line":28,"column":7},"end":{"line":49,"column":1}},"locations":[{"start":{"line":28,"column":7},"end":{"line":49,"column":1}}]},"2":{"type":"branch","line":30,"loc":{"start":{"line":30,"column":36},"end":{"line":32,"column":3}},"locations":[{"start":{"line":30,"column":36},"end":{"line":32,"column":3}}]},"3":{"type":"branch","line":33,"loc":{"start":{"line":33,"column":-2},"end":{"line":34,"column":11}},"locations":[{"start":{"line":33,"column":-2},"end":{"line":34,"column":11}}]},"4":{"type":"branch","line":34,"loc":{"start":{"line":34,"column":11},"end":{"line":37,"column":3}},"locations":[{"start":{"line":34,"column":11},"end":{"line":37,"column":3}}]},"5":{"type":"branch","line":38,"loc":{"start":{"line":38,"column":-2},"end":{"line":40,"column":33}},"locations":[{"start":{"line":38,"column":-2},"end":{"line":40,"column":33}}]},"6":{"type":"branch","line":40,"loc":{"start":{"line":40,"column":33},"end":{"line":40,"column":45}},"locations":[{"start":{"line":40,"column":33},"end":{"line":40,"column":45}}]},"7":{"type":"branch","line":40,"loc":{"start":{"line":40,"column":46},"end":{"line":40,"column":49}},"locations":[{"start":{"line":40,"column":46},"end":{"line":40,"column":49}}]},"8":{"type":"branch","line":45,"loc":{"start":{"line":45,"column":4},"end":{"line":48,"column":3}},"locations":[{"start":{"line":45,"column":4},"end":{"line":48,"column":3}}]},"9":{"type":"branch","line":55,"loc":{"start":{"line":55,"column":7},"end":{"line":61,"column":1}},"locations":[{"start":{"line":55,"column":7},"end":{"line":61,"column":1}}]},"10":{"type":"branch","line":56,"loc":{"start":{"line":56,"column":15},"end":{"line":58,"column":3}},"locations":[{"start":{"line":56,"column":15},"end":{"line":58,"column":3}}]},"11":{"type":"branch","line":58,"loc":{"start":{"line":58,"column":3},"end":{"line":60,"column":3}},"locations":[{"start":{"line":58,"column":3},"end":{"line":60,"column":3}}]},"12":{"type":"branch","line":64,"loc":{"start":{"line":64,"column":0},"end":{"line":67,"column":1}},"locations":[{"start":{"line":64,"column":0},"end":{"line":67,"column":1}}]},"13":{"type":"branch","line":70,"loc":{"start":{"line":70,"column":0},"end":{"line":85,"column":1}},"locations":[{"start":{"line":70,"column":0},"end":{"line":85,"column":1}}]},"14":{"type":"branch","line":74,"loc":{"start":{"line":74,"column":40},"end":{"line":82,"column":3}},"locations":[{"start":{"line":74,"column":40},"end":{"line":82,"column":3}}]},"15":{"type":"branch","line":79,"loc":{"start":{"line":79,"column":23},"end":{"line":79,"column":40}},"locations":[{"start":{"line":79,"column":23},"end":{"line":79,"column":40}}]},"16":{"type":"branch","line":79,"loc":{"start":{"line":79,"column":42},"end":{"line":81,"column":5}},"locations":[{"start":{"line":79,"column":42},"end":{"line":81,"column":5}}]},"17":{"type":"branch","line":88,"loc":{"start":{"line":88,"column":0},"end":{"line":105,"column":1}},"locations":[{"start":{"line":88,"column":0},"end":{"line":105,"column":1}}]},"18":{"type":"branch","line":94,"loc":{"start":{"line":94,"column":25},"end":{"line":101,"column":3}},"locations":[{"start":{"line":94,"column":25},"end":{"line":101,"column":3}}]},"19":{"type":"branch","line":97,"loc":{"start":{"line":97,"column":23},"end":{"line":97,"column":40}},"locations":[{"start":{"line":97,"column":23},"end":{"line":97,"column":40}}]},"20":{"type":"branch","line":97,"loc":{"start":{"line":97,"column":42},"end":{"line":99,"column":5}},"locations":[{"start":{"line":97,"column":42},"end":{"line":99,"column":5}}]},"21":{"type":"branch","line":113,"loc":{"start":{"line":113,"column":7},"end":{"line":127,"column":1}},"locations":[{"start":{"line":113,"column":7},"end":{"line":127,"column":1}}]},"22":{"type":"branch","line":136,"loc":{"start":{"line":136,"column":7},"end":{"line":148,"column":1}},"locations":[{"start":{"line":136,"column":7},"end":{"line":148,"column":1}}]},"23":{"type":"branch","line":157,"loc":{"start":{"line":157,"column":7},"end":{"line":166,"column":1}},"locations":[{"start":{"line":157,"column":7},"end":{"line":166,"column":1}}]},"24":{"type":"branch","line":175,"loc":{"start":{"line":175,"column":7},"end":{"line":178,"column":1}},"locations":[{"start":{"line":175,"column":7},"end":{"line":178,"column":1}}]}},"b":{"0":[14],"1":[20],"2":[4],"3":[16],"4":[0],"5":[16],"6":[13],"7":[3],"8":[0],"9":[18],"10":[1],"11":[17],"12":[18],"13":[8],"14":[45],"15":[40],"16":[35],"17":[5],"18":[2772],"19":[2376],"20":[1980],"21":[5],"22":[4],"23":[4],"24":[2]},"fnMap":{"0":{"name":"initializeDateUtils","decl":{"start":{"line":19,"column":7},"end":{"line":21,"column":1}},"loc":{"start":{"line":19,"column":7},"end":{"line":21,"column":1}},"line":19},"1":{"name":"getClassDateOffset","decl":{"start":{"line":28,"column":7},"end":{"line":49,"column":1}},"loc":{"start":{"line":28,"column":7},"end":{"line":49,"column":1}},"line":28},"2":{"name":"clearDateOffsetCache","decl":{"start":{"line":55,"column":7},"end":{"line":61,"column":1}},"loc":{"start":{"line":55,"column":7},"end":{"line":61,"column":1}},"line":55},"3":{"name":"createLocalDate","decl":{"start":{"line":64,"column":0},"end":{"line":67,"column":1}},"loc":{"start":{"line":64,"column":0},"end":{"line":67,"column":1}},"line":64},"4":{"name":"addBusinessDays","decl":{"start":{"line":70,"column":0},"end":{"line":85,"column":1}},"loc":{"start":{"line":70,"column":0},"end":{"line":85,"column":1}},"line":70},"5":{"name":"getBusinessDaysBetween","decl":{"start":{"line":88,"column":0},"end":{"line":105,"column":1}},"loc":{"start":{"line":88,"column":0},"end":{"line":105,"column":1}},"line":88},"6":{"name":"getTodayDayIndex","decl":{"start":{"line":113,"column":7},"end":{"line":127,"column":1}},"loc":{"start":{"line":113,"column":7},"end":{"line":127,"column":1}},"line":113},"7":{"name":"getDateForDayIndex","decl":{"start":{"line":136,"column":7},"end":{"line":148,"column":1}},"loc":{"start":{"line":136,"column":7},"end":{"line":148,"column":1}},"line":136},"8":{"name":"getDateObjectForDayIndex","decl":{"start":{"line":157,"column":7},"end":{"line":166,"column":1}},"loc":{"start":{"line":157,"column":7},"end":{"line":166,"column":1}},"line":157},"9":{"name":"isDayIndexToday","decl":{"start":{"line":175,"column":7},"end":{"line":178,"column":1}},"loc":{"start":{"line":175,"column":7},"end":{"line":178,"column":1}},"line":175}},"f":{"0":14,"1":20,"2":18,"3":18,"4":8,"5":5,"6":5,"7":4,"8":4,"9":2}}
}
